<?xml version="1.0" encoding="UTF-8"?>
<testsuite xmlns:xsi="http://www.w3.org/2001/XMLSchema-instance" xsi:noNamespaceSchemaLocation="https://maven.apache.org/surefire/maven-surefire-plugin/xsd/surefire-test-report.xsd" name="LoginTestRunner" time="0.198" tests="8" errors="8" skipped="0" failures="0">
  <properties>
[...]
</properties>
  <testcase name="Successful currency exchange" classname="runners.LoginTestRunner" time="0.042">
    <error message="Cannot detect type of the Driver. Platform value: null" type="java.lang.Exception">java.lang.Exception: Cannot detect type of the Driver. Platform value: null
</error>
    <system-out><![CDATA[
@CurrencyExchange @SuccessfulExchange @Smoke
Scenario: Successful currency exchange                            &amp#27;[90m# features/CurrencyExchange.feature:15&amp#27;[0m
  &amp#27;[31mGiven &amp#27;[0m&amp#27;[31mI am on the login page&amp#27;[0m                                    &amp#27;[90m# steps.CurrencyExchangeSteps.i_am_on_the_login_page()&amp#27;[0m
      &amp#27;[31mjava.lang.Exception: Cannot detect type of the Driver. Platform value: null
	at lib.Platform.getDriver(Platform.java:35)
	at steps.CurrencyExchangeSteps.i_am_on_the_login_page(CurrencyExchangeSteps.java:29)
	at ✽.I am on the login page(classpath:features/CurrencyExchange.feature:8)
&amp#27;[0m
  &amp#27;[36mWhen &amp#27;[0m&amp#27;[36mI click the login button&amp#27;[0m                                   &amp#27;[90m# steps.CurrencyExchangeSteps.i_click_the_login_button()&amp#27;[0m
  &amp#27;[36mAnd &amp#27;[0m&amp#27;[36mI enter email &amp#27;[0m&amp#27;[36m&amp#27;[1m"client@crassula.io"&amp#27;[0m&amp#27;[36m and password &amp#27;[0m&amp#27;[36m&amp#27;[1m"Qwerty123"&amp#27;[0m &amp#27;[90m# steps.CurrencyExchangeSteps.i_enter_email_and_password(java.lang.String,java.lang.String)&amp#27;[0m
  &amp#27;[36mAnd &amp#27;[0m&amp#27;[36mI create a passcode&amp#27;[0m                                         &amp#27;[90m# steps.CurrencyExchangeSteps.i_create_a_passcode()&amp#27;[0m
  &amp#27;[36mThen &amp#27;[0m&amp#27;[36mI should see the dashboard&amp#27;[0m                                 &amp#27;[90m# steps.CurrencyExchangeSteps.i_should_see_the_dashboard()&amp#27;[0m
  &amp#27;[36mGiven &amp#27;[0m&amp#27;[36mI am on the dashboard&amp#27;[0m                                     &amp#27;[90m# steps.CurrencyExchangeSteps.i_am_on_the_dashboard()&amp#27;[0m
  &amp#27;[36mWhen &amp#27;[0m&amp#27;[36mI click the exchange button&amp#27;[0m                                &amp#27;[90m# steps.CurrencyExchangeSteps.i_click_the_exchange_button()&amp#27;[0m
  &amp#27;[36mThen &amp#27;[0m&amp#27;[36mI should see the exchange page&amp#27;[0m                             &amp#27;[90m# steps.CurrencyExchangeSteps.i_should_see_the_exchange_page()&amp#27;[0m
  &amp#27;[36mAnd &amp#27;[0m&amp#27;[36mI should see exchange rate information&amp#27;[0m                      &amp#27;[90m# steps.CurrencyExchangeSteps.i_should_see_exchange_rate_information()&amp#27;[0m
  &amp#27;[36mAnd &amp#27;[0m&amp#27;[36mI should see first amount field&amp#27;[0m                             &amp#27;[90m# steps.CurrencyExchangeSteps.i_should_see_first_amount_field()&amp#27;[0m
  &amp#27;[36mAnd &amp#27;[0m&amp#27;[36mI should see first currency icon&amp#27;[0m                            &amp#27;[90m# steps.CurrencyExchangeSteps.i_should_see_first_currency_icon()&amp#27;[0m
  &amp#27;[36mAnd &amp#27;[0m&amp#27;[36mI should see first currency button&amp#27;[0m                          &amp#27;[90m# steps.CurrencyExchangeSteps.i_should_see_first_currency_button()&amp#27;[0m
  &amp#27;[36mAnd &amp#27;[0m&amp#27;[36mI should see first field balance&amp#27;[0m                            &amp#27;[90m# steps.CurrencyExchangeSteps.i_should_see_first_field_balance()&amp#27;[0m
  &amp#27;[36mAnd &amp#27;[0m&amp#27;[36mI should see max button&amp#27;[0m                                     &amp#27;[90m# steps.CurrencyExchangeSteps.i_should_see_max_button()&amp#27;[0m
  &amp#27;[36mAnd &amp#27;[0m&amp#27;[36mI should see second amount field&amp#27;[0m                            &amp#27;[90m# steps.CurrencyExchangeSteps.i_should_see_second_amount_field()&amp#27;[0m
  &amp#27;[36mAnd &amp#27;[0m&amp#27;[36mI should see second currency icon&amp#27;[0m                           &amp#27;[90m# steps.CurrencyExchangeSteps.i_should_see_second_currency_icon()&amp#27;[0m
  &amp#27;[36mAnd &amp#27;[0m&amp#27;[36mI should see second currency button&amp#27;[0m                         &amp#27;[90m# steps.CurrencyExchangeSteps.i_should_see_second_currency_button()&amp#27;[0m
  &amp#27;[36mAnd &amp#27;[0m&amp#27;[36mI should see second field balance&amp#27;[0m                           &amp#27;[90m# steps.CurrencyExchangeSteps.i_should_see_second_field_balance()&amp#27;[0m
  &amp#27;[36mAnd &amp#27;[0m&amp#27;[36mI should see fee information&amp#27;[0m                                &amp#27;[90m# steps.CurrencyExchangeSteps.i_should_see_fee_information()&amp#27;[0m
  &amp#27;[36mAnd &amp#27;[0m&amp#27;[36mI should see account to label&amp#27;[0m                               &amp#27;[90m# steps.CurrencyExchangeSteps.i_should_see_account_to_label()&amp#27;[0m
  &amp#27;[36mAnd &amp#27;[0m&amp#27;[36mI should see account selection field&amp#27;[0m                        &amp#27;[90m# steps.CurrencyExchangeSteps.i_should_see_account_selection_field()&amp#27;[0m
  &amp#27;[36mAnd &amp#27;[0m&amp#27;[36mI should see account name&amp#27;[0m                                   &amp#27;[90m# steps.CurrencyExchangeSteps.i_should_see_account_name()&amp#27;[0m
  &amp#27;[36mAnd &amp#27;[0m&amp#27;[36mI should see account amount&amp#27;[0m                                 &amp#27;[90m# steps.CurrencyExchangeSteps.i_should_see_account_amount()&amp#27;[0m
  &amp#27;[36mWhen &amp#27;[0m&amp#27;[36mI click on account selection&amp#27;[0m                               &amp#27;[90m# steps.CurrencyExchangeSteps.i_click_on_account_selection()&amp#27;[0m
  &amp#27;[36mThen &amp#27;[0m&amp#27;[36mI should see account selection modal&amp#27;[0m                       &amp#27;[90m# steps.CurrencyExchangeSteps.i_should_see_account_selection_modal()&amp#27;[0m
  &amp#27;[36mWhen &amp#27;[0m&amp#27;[36mI select an account&amp#27;[0m                                        &amp#27;[90m# steps.CurrencyExchangeSteps.i_select_an_account()&amp#27;[0m
  &amp#27;[36mAnd &amp#27;[0m&amp#27;[36mI should see exchange button in form&amp#27;[0m                        &amp#27;[90m# steps.CurrencyExchangeSteps.i_should_see_exchange_button_in_form()&amp#27;[0m
  &amp#27;[36mAnd &amp#27;[0m&amp#27;[36mI should see account button&amp#27;[0m                                 &amp#27;[90m# steps.CurrencyExchangeSteps.i_should_see_account_button()&amp#27;[0m
  &amp#27;[36mWhen &amp#27;[0m&amp#27;[36mI click max button and clear amount&amp#27;[0m                        &amp#27;[90m# steps.CurrencyExchangeSteps.i_click_max_button_and_clear_amount()&amp#27;[0m
  &amp#27;[36mAnd &amp#27;[0m&amp#27;[36mI click first amount field&amp#27;[0m                                  &amp#27;[90m# steps.CurrencyExchangeSteps.i_click_first_amount_field()&amp#27;[0m
  &amp#27;[36mAnd &amp#27;[0m&amp#27;[36mI enter amount &amp#27;[0m&amp#27;[36m&amp#27;[1m"1"&amp#27;[0m                                          &amp#27;[90m# steps.CurrencyExchangeSteps.i_enter_amount(java.lang.String)&amp#27;[0m
  &amp#27;[36mThen &amp#27;[0m&amp#27;[36mI should see minus symbol in first field&amp#27;[0m                   &amp#27;[90m# steps.CurrencyExchangeSteps.i_should_see_minus_symbol_in_first_field()&amp#27;[0m
  &amp#27;[36mAnd &amp#27;[0m&amp#27;[36mI should see plus symbol in second field&amp#27;[0m                    &amp#27;[90m# steps.CurrencyExchangeSteps.i_should_see_plus_symbol_in_second_field()&amp#27;[0m
  &amp#27;[36mWhen &amp#27;[0m&amp#27;[36mI click fee info&amp#27;[0m                                           &amp#27;[90m# steps.CurrencyExchangeSteps.i_click_fee_info()&amp#27;[0m
  &amp#27;[36mThen &amp#27;[0m&amp#27;[36mI should see fee details modal for amount &amp#27;[0m&amp#27;[36m&amp#27;[1m"1"&amp#27;[0m              &amp#27;[90m# steps.CurrencyExchangeSteps.i_should_see_fee_details_modal_for_amount(java.lang.String)&amp#27;[0m
  &amp#27;[36mWhen &amp#27;[0m&amp#27;[36mI close fee details modal&amp#27;[0m                                  &amp#27;[90m# steps.CurrencyExchangeSteps.i_close_fee_details_modal()&amp#27;[0m
  &amp#27;[36mAnd &amp#27;[0m&amp#27;[36mI click exchange button in form&amp#27;[0m                             &amp#27;[90m# steps.CurrencyExchangeSteps.i_click_exchange_button_in_form()&amp#27;[0m
  &amp#27;[36mThen &amp#27;[0m&amp#27;[36mI should see confirm exchange title&amp#27;[0m                        &amp#27;[90m# steps.CurrencyExchangeSteps.i_should_see_confirm_exchange_title()&amp#27;[0m
  &amp#27;[36mAnd &amp#27;[0m&amp#27;[36mI should see confirmation details for amount &amp#27;[0m&amp#27;[36m&amp#27;[1m"1"&amp#27;[0m            &amp#27;[90m# steps.CurrencyExchangeSteps.i_should_see_confirmation_details_for_amount(java.lang.String)&amp#27;[0m
  &amp#27;[36mWhen &amp#27;[0m&amp#27;[36mI click confirm exchange&amp#27;[0m                                   &amp#27;[90m# steps.CurrencyExchangeSteps.i_click_confirm_exchange()&amp#27;[0m
  &amp#27;[36mThen &amp#27;[0m&amp#27;[36mI should see success title&amp#27;[0m                                 &amp#27;[90m# steps.CurrencyExchangeSteps.i_should_see_success_title()&amp#27;[0m
  &amp#27;[36mAnd &amp#27;[0m&amp#27;[36mI should see success message&amp#27;[0m                                &amp#27;[90m# steps.CurrencyExchangeSteps.i_should_see_success_message()&amp#27;[0m
  &amp#27;[36mAnd &amp#27;[0m&amp#27;[36mI should see exchange amount&amp#27;[0m                                &amp#27;[90m# steps.CurrencyExchangeSteps.i_should_see_exchange_amount()&amp#27;[0m
  &amp#27;[36mAnd &amp#27;[0m&amp#27;[36mI should see transaction details title&amp#27;[0m                      &amp#27;[90m# steps.CurrencyExchangeSteps.i_should_see_transaction_details_title()&amp#27;[0m
  &amp#27;[36mWhen &amp#27;[0m&amp#27;[36mI click transaction details&amp#27;[0m                                &amp#27;[90m# steps.CurrencyExchangeSteps.i_click_transaction_details()&amp#27;[0m
  &amp#27;[36mThen &amp#27;[0m&amp#27;[36mI should see transaction details content&amp#27;[0m                   &amp#27;[90m# steps.CurrencyExchangeSteps.i_should_see_transaction_details_content()&amp#27;[0m
  &amp#27;[36mWhen &amp#27;[0m&amp#27;[36mI click back button&amp#27;[0m                                        &amp#27;[90m# steps.CurrencyExchangeSteps.i_click_back_button()&amp#27;[0m
  &amp#27;[36mAnd &amp#27;[0m&amp#27;[36mI click back to home&amp#27;[0m                                        &amp#27;[90m# steps.CurrencyExchangeSteps.i_click_back_to_home()&amp#27;[0m
  &amp#27;[36mThen &amp#27;[0m&amp#27;[36mI should see transaction on dashboard&amp#27;[0m                      &amp#27;[90m# steps.CurrencyExchangeSteps.i_should_see_transaction_on_dashboard()&amp#27;[0m
]]></system-out>
  </testcase>
  <testcase name="Currency selection validation for Android" classname="runners.LoginTestRunner" time="0.011">
    <error message="Cannot detect type of the Driver. Platform value: null" type="java.lang.Exception">java.lang.Exception: Cannot detect type of the Driver. Platform value: null
</error>
    <system-out><![CDATA[
@CurrencyExchange @CurrencySelection @Android
Scenario: Currency selection validation for Android               &amp#27;[90m# features/CurrencyExchange.feature:62&amp#27;[0m
  &amp#27;[31mGiven &amp#27;[0m&amp#27;[31mI am on the login page&amp#27;[0m                                    &amp#27;[90m# steps.CurrencyExchangeSteps.i_am_on_the_login_page()&amp#27;[0m
      &amp#27;[31mjava.lang.Exception: Cannot detect type of the Driver. Platform value: null
	at lib.Platform.getDriver(Platform.java:35)
	at steps.CurrencyExchangeSteps.i_am_on_the_login_page(CurrencyExchangeSteps.java:29)
	at ✽.I am on the login page(classpath:features/CurrencyExchange.feature:8)
&amp#27;[0m
  &amp#27;[36mWhen &amp#27;[0m&amp#27;[36mI click the login button&amp#27;[0m                                   &amp#27;[90m# steps.CurrencyExchangeSteps.i_click_the_login_button()&amp#27;[0m
  &amp#27;[36mAnd &amp#27;[0m&amp#27;[36mI enter email &amp#27;[0m&amp#27;[36m&amp#27;[1m"client@crassula.io"&amp#27;[0m&amp#27;[36m and password &amp#27;[0m&amp#27;[36m&amp#27;[1m"Qwerty123"&amp#27;[0m &amp#27;[90m# steps.CurrencyExchangeSteps.i_enter_email_and_password(java.lang.String,java.lang.String)&amp#27;[0m
  &amp#27;[36mAnd &amp#27;[0m&amp#27;[36mI create a passcode&amp#27;[0m                                         &amp#27;[90m# steps.CurrencyExchangeSteps.i_create_a_passcode()&amp#27;[0m
  &amp#27;[36mThen &amp#27;[0m&amp#27;[36mI should see the dashboard&amp#27;[0m                                 &amp#27;[90m# steps.CurrencyExchangeSteps.i_should_see_the_dashboard()&amp#27;[0m
  &amp#27;[36mGiven &amp#27;[0m&amp#27;[36mI am on the dashboard&amp#27;[0m                                     &amp#27;[90m# steps.CurrencyExchangeSteps.i_am_on_the_dashboard()&amp#27;[0m
  &amp#27;[36mAnd &amp#27;[0m&amp#27;[36mI am using Android platform&amp#27;[0m                                 &amp#27;[90m# steps.CurrencyExchangeSteps.i_am_using_android_platform()&amp#27;[0m
  &amp#27;[36mWhen &amp#27;[0m&amp#27;[36mI click the exchange button&amp#27;[0m                                &amp#27;[90m# steps.CurrencyExchangeSteps.i_click_the_exchange_button()&amp#27;[0m
  &amp#27;[36mThen &amp#27;[0m&amp#27;[36mI should see the exchange page&amp#27;[0m                             &amp#27;[90m# steps.CurrencyExchangeSteps.i_should_see_the_exchange_page()&amp#27;[0m
  &amp#27;[36mWhen &amp#27;[0m&amp#27;[36mI get first currency button text&amp#27;[0m                           &amp#27;[90m# steps.CurrencyExchangeSteps.i_get_first_currency_button_text()&amp#27;[0m
  &amp#27;[36mAnd &amp#27;[0m&amp#27;[36mI click first currency button&amp#27;[0m                               &amp#27;[90m# steps.CurrencyExchangeSteps.i_click_first_currency_button()&amp#27;[0m
  &amp#27;[36mThen &amp#27;[0m&amp#27;[36mI should see currency selection elements&amp#27;[0m                   &amp#27;[90m# steps.CurrencyExchangeSteps.i_should_see_currency_selection_elements()&amp#27;[0m
  &amp#27;[36mWhen &amp#27;[0m&amp#27;[36mI close currency selection&amp#27;[0m                                 &amp#27;[90m# steps.CurrencyExchangeSteps.i_close_currency_selection()&amp#27;[0m
  &amp#27;[36mAnd &amp#27;[0m&amp#27;[36mI get second currency button text&amp#27;[0m                           &amp#27;[90m# steps.CurrencyExchangeSteps.i_get_second_currency_button_text()&amp#27;[0m
  &amp#27;[36mAnd &amp#27;[0m&amp#27;[36mI click second currency button&amp#27;[0m                              &amp#27;[90m# steps.CurrencyExchangeSteps.i_click_second_currency_button()&amp#27;[0m
  &amp#27;[36mThen &amp#27;[0m&amp#27;[36mI should see second currency selection elements&amp#27;[0m            &amp#27;[90m# steps.CurrencyExchangeSteps.i_should_see_second_currency_selection_elements()&amp#27;[0m
  &amp#27;[36mWhen &amp#27;[0m&amp#27;[36mI close second currency selection&amp#27;[0m                          &amp#27;[90m# steps.CurrencyExchangeSteps.i_close_second_currency_selection()&amp#27;[0m
  &amp#27;[36mThen &amp#27;[0m&amp#27;[36mcurrency selection should be completed&amp#27;[0m                     &amp#27;[90m# steps.CurrencyExchangeSteps.currency_selection_should_be_completed()&amp#27;[0m
]]></system-out>
  </testcase>
  <testcase name="Insufficient funds validation" classname="runners.LoginTestRunner" time="0.004">
    <error message="Cannot detect type of the Driver. Platform value: null" type="java.lang.Exception">java.lang.Exception: Cannot detect type of the Driver. Platform value: null
</error>
    <system-out><![CDATA[
@CurrencyExchange @ValidationError @NegativeTest
Scenario: Insufficient funds validation                           &amp#27;[90m# features/CurrencyExchange.feature:78&amp#27;[0m
  &amp#27;[31mGiven &amp#27;[0m&amp#27;[31mI am on the login page&amp#27;[0m                                    &amp#27;[90m# steps.CurrencyExchangeSteps.i_am_on_the_login_page()&amp#27;[0m
      &amp#27;[31mjava.lang.Exception: Cannot detect type of the Driver. Platform value: null
	at lib.Platform.getDriver(Platform.java:35)
	at steps.CurrencyExchangeSteps.i_am_on_the_login_page(CurrencyExchangeSteps.java:29)
	at ✽.I am on the login page(classpath:features/CurrencyExchange.feature:8)
&amp#27;[0m
  &amp#27;[36mWhen &amp#27;[0m&amp#27;[36mI click the login button&amp#27;[0m                                   &amp#27;[90m# steps.CurrencyExchangeSteps.i_click_the_login_button()&amp#27;[0m
  &amp#27;[36mAnd &amp#27;[0m&amp#27;[36mI enter email &amp#27;[0m&amp#27;[36m&amp#27;[1m"client@crassula.io"&amp#27;[0m&amp#27;[36m and password &amp#27;[0m&amp#27;[36m&amp#27;[1m"Qwerty123"&amp#27;[0m &amp#27;[90m# steps.CurrencyExchangeSteps.i_enter_email_and_password(java.lang.String,java.lang.String)&amp#27;[0m
  &amp#27;[36mAnd &amp#27;[0m&amp#27;[36mI create a passcode&amp#27;[0m                                         &amp#27;[90m# steps.CurrencyExchangeSteps.i_create_a_passcode()&amp#27;[0m
  &amp#27;[36mThen &amp#27;[0m&amp#27;[36mI should see the dashboard&amp#27;[0m                                 &amp#27;[90m# steps.CurrencyExchangeSteps.i_should_see_the_dashboard()&amp#27;[0m
  &amp#27;[36mGiven &amp#27;[0m&amp#27;[36mI am on the dashboard&amp#27;[0m                                     &amp#27;[90m# steps.CurrencyExchangeSteps.i_am_on_the_dashboard()&amp#27;[0m
  &amp#27;[36mWhen &amp#27;[0m&amp#27;[36mI click the exchange button&amp#27;[0m                                &amp#27;[90m# steps.CurrencyExchangeSteps.i_click_the_exchange_button()&amp#27;[0m
  &amp#27;[36mThen &amp#27;[0m&amp#27;[36mI should see the exchange page&amp#27;[0m                             &amp#27;[90m# steps.CurrencyExchangeSteps.i_should_see_the_exchange_page()&amp#27;[0m
  &amp#27;[36mWhen &amp#27;[0m&amp#27;[36mI try to exchange amount greater than available balance&amp#27;[0m    &amp#27;[90m# steps.CurrencyExchangeSteps.i_try_to_exchange_amount_greater_than_available_balance()&amp#27;[0m
  &amp#27;[36mThen &amp#27;[0m&amp#27;[36mI should see insufficient funds error&amp#27;[0m                      &amp#27;[90m# steps.CurrencyExchangeSteps.i_should_see_insufficient_funds_error()&amp#27;[0m
]]></system-out>
  </testcase>
  <testcase name="Unavailable currency pair validation" classname="runners.LoginTestRunner" time="0.004">
    <error message="Cannot detect type of the Driver. Platform value: null" type="java.lang.Exception">java.lang.Exception: Cannot detect type of the Driver. Platform value: null
</error>
    <system-out><![CDATA[
@CurrencyExchange @ValidationError @NegativeTest
Scenario: Unavailable currency pair validation                    &amp#27;[90m# features/CurrencyExchange.feature:86&amp#27;[0m
  &amp#27;[31mGiven &amp#27;[0m&amp#27;[31mI am on the login page&amp#27;[0m                                    &amp#27;[90m# steps.CurrencyExchangeSteps.i_am_on_the_login_page()&amp#27;[0m
      &amp#27;[31mjava.lang.Exception: Cannot detect type of the Driver. Platform value: null
	at lib.Platform.getDriver(Platform.java:35)
	at steps.CurrencyExchangeSteps.i_am_on_the_login_page(CurrencyExchangeSteps.java:29)
	at ✽.I am on the login page(classpath:features/CurrencyExchange.feature:8)
&amp#27;[0m
  &amp#27;[36mWhen &amp#27;[0m&amp#27;[36mI click the login button&amp#27;[0m                                   &amp#27;[90m# steps.CurrencyExchangeSteps.i_click_the_login_button()&amp#27;[0m
  &amp#27;[36mAnd &amp#27;[0m&amp#27;[36mI enter email &amp#27;[0m&amp#27;[36m&amp#27;[1m"client@crassula.io"&amp#27;[0m&amp#27;[36m and password &amp#27;[0m&amp#27;[36m&amp#27;[1m"Qwerty123"&amp#27;[0m &amp#27;[90m# steps.CurrencyExchangeSteps.i_enter_email_and_password(java.lang.String,java.lang.String)&amp#27;[0m
  &amp#27;[36mAnd &amp#27;[0m&amp#27;[36mI create a passcode&amp#27;[0m                                         &amp#27;[90m# steps.CurrencyExchangeSteps.i_create_a_passcode()&amp#27;[0m
  &amp#27;[36mThen &amp#27;[0m&amp#27;[36mI should see the dashboard&amp#27;[0m                                 &amp#27;[90m# steps.CurrencyExchangeSteps.i_should_see_the_dashboard()&amp#27;[0m
  &amp#27;[36mGiven &amp#27;[0m&amp#27;[36mI am on the dashboard&amp#27;[0m                                     &amp#27;[90m# steps.CurrencyExchangeSteps.i_am_on_the_dashboard()&amp#27;[0m
  &amp#27;[36mWhen &amp#27;[0m&amp#27;[36mI click the exchange button&amp#27;[0m                                &amp#27;[90m# steps.CurrencyExchangeSteps.i_click_the_exchange_button()&amp#27;[0m
  &amp#27;[36mThen &amp#27;[0m&amp#27;[36mI should see the exchange page&amp#27;[0m                             &amp#27;[90m# steps.CurrencyExchangeSteps.i_should_see_the_exchange_page()&amp#27;[0m
  &amp#27;[36mWhen &amp#27;[0m&amp#27;[36mI try to select unavailable currency pair&amp#27;[0m                  &amp#27;[90m# steps.CurrencyExchangeSteps.i_try_to_select_unavailable_currency_pair()&amp#27;[0m
  &amp#27;[36mThen &amp#27;[0m&amp#27;[36mI should see currency pair unavailable error&amp#27;[0m               &amp#27;[90m# steps.CurrencyExchangeSteps.i_should_see_currency_pair_unavailable_error()&amp#27;[0m
]]></system-out>
  </testcase>
  <testcase name="Successful login" classname="runners.LoginTestRunner" time="0.004">
    <error message="Cannot detect type of the Driver. Platform value: null" type="java.lang.Exception">java.lang.Exception: Cannot detect type of the Driver. Platform value: null
</error>
    <system-out><![CDATA[
Scenario: Successful login                     &amp#27;[90m# features/login.feature:3&amp#27;[0m
  &amp#27;[31mGiven &amp#27;[0m&amp#27;[31mthe user is on the login page&amp#27;[0m          &amp#27;[90m# steps.LoginSteps.theUserIsOnTheLoginPage()&amp#27;[0m
      &amp#27;[31mjava.lang.Exception: Cannot detect type of the Driver. Platform value: null
	at lib.Platform.getDriver(Platform.java:35)
	at steps.LoginSteps.theUserIsOnTheLoginPage(LoginSteps.java:20)
	at ✽.the user is on the login page(classpath:features/login.feature:4)
&amp#27;[0m
  &amp#27;[36mWhen &amp#27;[0m&amp#27;[36mthe user enters valid credentials&amp#27;[0m       &amp#27;[90m# steps.LoginSteps.theUserEntersValidCredentials()&amp#27;[0m
  &amp#27;[36mAnd &amp#27;[0m&amp#27;[36mclicks the login button&amp#27;[0m                  &amp#27;[90m# steps.LoginSteps.clicksTheLoginButton()&amp#27;[0m
  &amp#27;[36mThen &amp#27;[0m&amp#27;[36mthe user is redirected to the dashboard&amp#27;[0m &amp#27;[90m# steps.LoginSteps.theUserIsRedirectedToTheDashboard()&amp#27;[0m
]]></system-out>
  </testcase>
  <testcase name="Validation for blank email and password" classname="runners.LoginTestRunner" time="0.003">
    <error message="Cannot detect type of the Driver. Platform value: null" type="java.lang.Exception">java.lang.Exception: Cannot detect type of the Driver. Platform value: null
</error>
    <system-out><![CDATA[
Scenario: Validation for blank email and password                     &amp#27;[90m# features/login.feature:9&amp#27;[0m
  &amp#27;[31mGiven &amp#27;[0m&amp#27;[31mthe user is on the login page&amp#27;[0m                                 &amp#27;[90m# steps.LoginSteps.theUserIsOnTheLoginPage()&amp#27;[0m
      &amp#27;[31mjava.lang.Exception: Cannot detect type of the Driver. Platform value: null
	at lib.Platform.getDriver(Platform.java:35)
	at steps.LoginSteps.theUserIsOnTheLoginPage(LoginSteps.java:20)
	at ✽.the user is on the login page(classpath:features/login.feature:10)
&amp#27;[0m
  &amp#27;[36mWhen &amp#27;[0m&amp#27;[36mthe user clicks on the login button&amp#27;[0m                            &amp#27;[90m# steps.LoginSteps.theUserClicksOnTheLoginButton()&amp#27;[0m
  &amp#27;[36mAnd &amp#27;[0m&amp#27;[36mleaves email and password empty&amp#27;[0m                                 &amp#27;[90m# steps.LoginSteps.leavesEmailAndPasswordEmpty()&amp#27;[0m
  &amp#27;[36mThen &amp#27;[0m&amp#27;[36mthe error message &amp#27;[0m&amp#27;[36m&amp#27;[1m"The value should not be blank"&amp#27;[0m&amp#27;[36m is displayed&amp#27;[0m &amp#27;[90m# steps.LoginSteps.theErrorMessageIsDisplayed(java.lang.String)&amp#27;[0m
]]></system-out>
  </testcase>
  <testcase name="Validation for invalid email" classname="runners.LoginTestRunner" time="0.002">
    <error message="Cannot detect type of the Driver. Platform value: null" type="java.lang.Exception">java.lang.Exception: Cannot detect type of the Driver. Platform value: null
</error>
    <system-out><![CDATA[
Scenario: Validation for invalid email                             &amp#27;[90m# features/login.feature:15&amp#27;[0m
  &amp#27;[31mGiven &amp#27;[0m&amp#27;[31mthe user is on the login page&amp#27;[0m                              &amp#27;[90m# steps.LoginSteps.theUserIsOnTheLoginPage()&amp#27;[0m
      &amp#27;[31mjava.lang.Exception: Cannot detect type of the Driver. Platform value: null
	at lib.Platform.getDriver(Platform.java:35)
	at steps.LoginSteps.theUserIsOnTheLoginPage(LoginSteps.java:20)
	at ✽.the user is on the login page(classpath:features/login.feature:16)
&amp#27;[0m
  &amp#27;[36mWhen &amp#27;[0m&amp#27;[36mthe user enters an invalid email&amp#27;[0m                            &amp#27;[90m# steps.LoginSteps.theUserEntersAnInvalidEmail()&amp#27;[0m
  &amp#27;[36mThen &amp#27;[0m&amp#27;[36mthe error message &amp#27;[0m&amp#27;[36m&amp#27;[1m"Email address is not valid"&amp#27;[0m&amp#27;[36m is displayed&amp#27;[0m &amp#27;[90m# steps.LoginSteps.theErrorMessageIsDisplayed(java.lang.String)&amp#27;[0m
]]></system-out>
  </testcase>
  <testcase name="Invalid credentials alert" classname="runners.LoginTestRunner" time="0.003">
    <error message="Cannot detect type of the Driver. Platform value: null" type="java.lang.Exception">java.lang.Exception: Cannot detect type of the Driver. Platform value: null
</error>
    <system-out><![CDATA[
Scenario: Invalid credentials alert                                            &amp#27;[90m# features/login.feature:20&amp#27;[0m
  &amp#27;[31mGiven &amp#27;[0m&amp#27;[31mthe user is on the login page&amp#27;[0m                                          &amp#27;[90m# steps.LoginSteps.theUserIsOnTheLoginPage()&amp#27;[0m
      &amp#27;[31mjava.lang.Exception: Cannot detect type of the Driver. Platform value: null
	at lib.Platform.getDriver(Platform.java:35)
	at steps.LoginSteps.theUserIsOnTheLoginPage(LoginSteps.java:20)
	at ✽.the user is on the login page(classpath:features/login.feature:21)
&amp#27;[0m
  &amp#27;[36mWhen &amp#27;[0m&amp#27;[36mthe user enters invalid email and password&amp#27;[0m                              &amp#27;[90m# steps.LoginSteps.theUserEntersInvalidEmailAndPassword()&amp#27;[0m
  &amp#27;[36mAnd &amp#27;[0m&amp#27;[36mclicks on the continue button&amp#27;[0m                                            &amp#27;[90m# steps.LoginSteps.clicksOnTheContinueButton()&amp#27;[0m
  &amp#27;[36mThen &amp#27;[0m&amp#27;[36mthe alert &amp#27;[0m&amp#27;[36m&amp#27;[1m"The email or password you entered is incorrect"&amp#27;[0m&amp#27;[36m is displayed&amp#27;[0m &amp#27;[90m# steps.LoginSteps.theAlertIsDisplayed(java.lang.String)&amp#27;[0m
  &amp#27;[36mAnd &amp#27;[0m&amp#27;[36mthe user closes the alert&amp#27;[0m                                                &amp#27;[90m# steps.LoginSteps.theUserClosesTheAlert()&amp#27;[0m
]]></system-out>
  </testcase>
</testsuite>